  [4;36;1mSQL (0.625000)[0m   [0;1mCREATE TABLE schema_info (version int(11))[0m
  [4;35;1mSQL (0.110000)[0m   [0mINSERT INTO schema_info (version) VALUES(0)[0m
  [4;36;1mSQL (0.000000)[0m   [0;1mMysql::Error: #42S01Table 'schema_info' already exists: CREATE TABLE schema_info (version int(11))[0m
  [4;35;1mSQL (0.047000)[0m   [0mSELECT version FROM schema_info[0m
Migrating to CreateProjects (1)
  [4;36;1mSQL (0.188000)[0m   [0;1mCREATE TABLE projects (`id` int(11) DEFAULT NULL auto_increment PRIMARY KEY, `name` varchar(255)) ENGINE=InnoDB[0m
  [4;35;1mSQL (0.140000)[0m   [0mUPDATE schema_info SET version = 1[0m
  [4;36;1mSQL (0.000000)[0m   [0;1mSELECT * FROM schema_info[0m
  [4;35;1mSQL (0.000000)[0m   [0mSHOW TABLES[0m
  [4;36;1mSQL (0.000000)[0m   [0;1mSHOW FIELDS FROM projects[0m
  [4;35;1mSQL (0.000000)[0m   [0mSHOW KEYS FROM projects[0m
  [4;36;1mSQL (0.000000)[0m   [0;1mMysql::Error: #42S01Table 'schema_info' already exists: CREATE TABLE schema_info (version int(11))[0m
  [4;35;1mSQL (0.000000)[0m   [0mMysql::Error: #42S01Table 'schema_info' already exists: CREATE TABLE schema_info (version int(11))[0m
  [4;36;1mSQL (0.000000)[0m   [0;1mSELECT version FROM schema_info[0m
  [4;35;1mSQL (0.000000)[0m   [0mSELECT * FROM schema_info[0m
  [4;36;1mSQL (0.000000)[0m   [0;1mSHOW TABLES[0m
  [4;35;1mSQL (0.000000)[0m   [0mSHOW FIELDS FROM projects[0m
  [4;36;1mSQL (0.000000)[0m   [0;1mSHOW KEYS FROM projects[0m


Processing ProjectController#index (for 127.0.0.1 at 2006-10-11 21:17:05) [GET]
  Session ID: f6cae78c60fb7a1bee8b73467dcbd696
  Parameters: {"action"=>"index", "controller"=>"project"}
Rendering project/index
Completed in 0.01500 (66 reqs/sec) | Rendering: 0.01500 (100%) | 200 OK [http://localhost/project]


Processing ProjectController#1 (for 127.0.0.1 at 2006-10-11 21:17:13) [GET]
  Session ID: f6cae78c60fb7a1bee8b73467dcbd696
  Parameters: {"action"=>"1", "controller"=>"project"}


ActionController::UnknownAction (No action responded to 1):
    c:/ruby/lib/ruby/gems/1.8/gems/actionpack-1.12.5/lib/action_controller/filters.rb:368:in `perform_action_without_benchmark'
    c:/ruby/lib/ruby/gems/1.8/gems/actionpack-1.12.5/lib/action_controller/benchmarking.rb:69:in `perform_action_without_rescue'
    c:/ruby/lib/ruby/1.8/benchmark.rb:293:in `measure'
    c:/ruby/lib/ruby/gems/1.8/gems/actionpack-1.12.5/lib/action_controller/benchmarking.rb:69:in `perform_action_without_rescue'
    c:/ruby/lib/ruby/gems/1.8/gems/actionpack-1.12.5/lib/action_controller/rescue.rb:82:in `perform_action'
    c:/ruby/lib/ruby/gems/1.8/gems/actionpack-1.12.5/lib/action_controller/base.rb:408:in `process_without_filters'
    c:/ruby/lib/ruby/gems/1.8/gems/actionpack-1.12.5/lib/action_controller/filters.rb:377:in `process_without_session_management_support'
    c:/ruby/lib/ruby/gems/1.8/gems/actionpack-1.12.5/lib/action_controller/session_management.rb:117:in `process'
    c:/ruby/lib/ruby/gems/1.8/gems/rails-1.1.6/lib/dispatcher.rb:38:in `dispatch'
    c:/ruby/lib/ruby/gems/1.8/gems/rails-1.1.6/lib/webrick_server.rb:115:in `handle_dispatch'
    c:/ruby/lib/ruby/gems/1.8/gems/rails-1.1.6/lib/webrick_server.rb:81:in `service'
    c:/ruby/lib/ruby/1.8/webrick/httpserver.rb:104:in `service'
    c:/ruby/lib/ruby/1.8/webrick/httpserver.rb:65:in `run'
    c:/ruby/lib/ruby/1.8/webrick/server.rb:173:in `start_thread'
    c:/ruby/lib/ruby/1.8/webrick/server.rb:162:in `start_thread'
    c:/ruby/lib/ruby/1.8/webrick/server.rb:95:in `start'
    c:/ruby/lib/ruby/1.8/webrick/server.rb:92:in `start'
    c:/ruby/lib/ruby/1.8/webrick/server.rb:23:in `start'
    c:/ruby/lib/ruby/1.8/webrick/server.rb:82:in `start'
    c:/ruby/lib/ruby/gems/1.8/gems/rails-1.1.6/lib/webrick_server.rb:67:in `dispatch'
    c:/ruby/lib/ruby/gems/1.8/gems/rails-1.1.6/lib/commands/servers/webrick.rb:59
    c:/ruby/lib/ruby/site_ruby/1.8/rubygems/custom_require.rb:21:in `require'
    c:/ruby/lib/ruby/gems/1.8/gems/activesupport-1.3.1/lib/active_support/dependencies.rb:147:in `require'
    c:/ruby/lib/ruby/gems/1.8/gems/rails-1.1.6/lib/commands/server.rb:30
    c:/ruby/lib/ruby/site_ruby/1.8/rubygems/custom_require.rb:21:in `require'
    c:/ruby/lib/ruby/gems/1.8/gems/activesupport-1.3.1/lib/active_support/dependencies.rb:147:in `require'
    script/server:3


Rendering c:/ruby/lib/ruby/gems/1.8/gems/actionpack-1.12.5/lib/action_controller/templates/rescues/layout.rhtml (404 Page Not Found)


Processing ProjectController#new (for 127.0.0.1 at 2006-10-11 21:17:20) [GET]
  Session ID: f6cae78c60fb7a1bee8b73467dcbd696
  Parameters: {"action"=>"new", "controller"=>"project"}


ActionController::UnknownAction (No action responded to new):
    c:/ruby/lib/ruby/gems/1.8/gems/actionpack-1.12.5/lib/action_controller/filters.rb:368:in `perform_action_without_benchmark'
    c:/ruby/lib/ruby/gems/1.8/gems/actionpack-1.12.5/lib/action_controller/benchmarking.rb:69:in `perform_action_without_rescue'
    c:/ruby/lib/ruby/1.8/benchmark.rb:293:in `measure'
    c:/ruby/lib/ruby/gems/1.8/gems/actionpack-1.12.5/lib/action_controller/benchmarking.rb:69:in `perform_action_without_rescue'
    c:/ruby/lib/ruby/gems/1.8/gems/actionpack-1.12.5/lib/action_controller/rescue.rb:82:in `perform_action'
    c:/ruby/lib/ruby/gems/1.8/gems/actionpack-1.12.5/lib/action_controller/base.rb:408:in `process_without_filters'
    c:/ruby/lib/ruby/gems/1.8/gems/actionpack-1.12.5/lib/action_controller/filters.rb:377:in `process_without_session_management_support'
    c:/ruby/lib/ruby/gems/1.8/gems/actionpack-1.12.5/lib/action_controller/session_management.rb:117:in `process'
    c:/ruby/lib/ruby/gems/1.8/gems/rails-1.1.6/lib/dispatcher.rb:38:in `dispatch'
    c:/ruby/lib/ruby/gems/1.8/gems/rails-1.1.6/lib/webrick_server.rb:115:in `handle_dispatch'
    c:/ruby/lib/ruby/gems/1.8/gems/rails-1.1.6/lib/webrick_server.rb:81:in `service'
    c:/ruby/lib/ruby/1.8/webrick/httpserver.rb:104:in `service'
    c:/ruby/lib/ruby/1.8/webrick/httpserver.rb:65:in `run'
    c:/ruby/lib/ruby/1.8/webrick/server.rb:173:in `start_thread'
    c:/ruby/lib/ruby/1.8/webrick/server.rb:162:in `start_thread'
    c:/ruby/lib/ruby/1.8/webrick/server.rb:95:in `start'
    c:/ruby/lib/ruby/1.8/webrick/server.rb:92:in `start'
    c:/ruby/lib/ruby/1.8/webrick/server.rb:23:in `start'
    c:/ruby/lib/ruby/1.8/webrick/server.rb:82:in `start'
    c:/ruby/lib/ruby/gems/1.8/gems/rails-1.1.6/lib/webrick_server.rb:67:in `dispatch'
    c:/ruby/lib/ruby/gems/1.8/gems/rails-1.1.6/lib/commands/servers/webrick.rb:59
    c:/ruby/lib/ruby/site_ruby/1.8/rubygems/custom_require.rb:21:in `require'
    c:/ruby/lib/ruby/gems/1.8/gems/activesupport-1.3.1/lib/active_support/dependencies.rb:147:in `require'
    c:/ruby/lib/ruby/gems/1.8/gems/rails-1.1.6/lib/commands/server.rb:30
    c:/ruby/lib/ruby/site_ruby/1.8/rubygems/custom_require.rb:21:in `require'
    c:/ruby/lib/ruby/gems/1.8/gems/activesupport-1.3.1/lib/active_support/dependencies.rb:147:in `require'
    script/server:3


Rendering c:/ruby/lib/ruby/gems/1.8/gems/actionpack-1.12.5/lib/action_controller/templates/rescues/layout.rhtml (404 Page Not Found)
  [4;36;1mProject Columns (0.000000)[0m   [0;1mSHOW FIELDS FROM projects[0m
  [4;36;1mRelease Columns (0.000000)[0m   [0;1mMysql::Error: #42S02Table 'agileplanr_development.releases' doesn't exist: SHOW FIELDS FROM releases[0m
  [4;36;1mSQL (0.000000)[0m   [0;1mMysql::Error: #42S01Table 'schema_info' already exists: CREATE TABLE schema_info (version int(11))[0m
  [4;35;1mSQL (0.000000)[0m   [0mMysql::Error: #42S01Table 'schema_info' already exists: CREATE TABLE schema_info (version int(11))[0m
  [4;36;1mSQL (0.000000)[0m   [0;1mSELECT version FROM schema_info[0m
  [4;35;1mSQL (0.000000)[0m   [0mSELECT version FROM schema_info[0m
Migrating to CreateReleases (2)
  [4;36;1mSQL (0.000000)[0m   [0;1mCREATE TABLE releases (`id` int(11) DEFAULT NULL auto_increment PRIMARY KEY, `name` varchar(255)) ENGINE=InnoDB[0m
  [4;35;1mSQL (0.016000)[0m   [0mUPDATE schema_info SET version = 2[0m
  [4;36;1mSQL (0.000000)[0m   [0;1mSELECT version FROM schema_info[0m
Migrating to AssociateReleaseToProject (3)
  [4;35;1mSQL (0.031000)[0m   [0mALTER TABLE releases ADD `project_id` int(11)[0m
  [4;36;1mSQL (0.000000)[0m   [0;1mUPDATE schema_info SET version = 3[0m
  [4;35;1mSQL (0.000000)[0m   [0mSELECT * FROM schema_info[0m
  [4;36;1mSQL (0.016000)[0m   [0;1mSHOW TABLES[0m
  [4;35;1mSQL (0.000000)[0m   [0mSHOW FIELDS FROM projects[0m
  [4;36;1mSQL (0.000000)[0m   [0;1mSHOW KEYS FROM projects[0m
  [4;35;1mSQL (0.000000)[0m   [0mSHOW FIELDS FROM releases[0m
  [4;36;1mSQL (0.000000)[0m   [0;1mSHOW KEYS FROM releases[0m
  [4;36;1mProject Columns (0.000000)[0m   [0;1mSHOW FIELDS FROM projects[0m
  [4;36;1mRelease Columns (0.000000)[0m   [0;1mSHOW FIELDS FROM releases[0m


Processing InfoController#properties (for 127.0.0.1 at 2006-10-11 21:22:09) [GET]
  Session ID: f6cae78c60fb7a1bee8b73467dcbd696
  Parameters: {"action"=>"properties", "controller"=>"rails/info"}
  [4;36;1mSQL (0.000000)[0m   [0;1mSELECT version FROM schema_info[0m
Completed in 0.17200 (5 reqs/sec) | Rendering: 0.00000 (0%) | DB: 0.00000 (0%) | 200 OK [http://localhost/rails/info/properties]


Processing ReleasesController#index (for 127.0.0.1 at 2006-10-11 21:22:23) [GET]
  Session ID: f6cae78c60fb7a1bee8b73467dcbd696
  Parameters: {"action"=>"index", "controller"=>"releases"}
  [4;35;1mRelease Columns (0.016000)[0m   [0mSHOW FIELDS FROM releases[0m
  [4;36;1mSQL (0.000000)[0m   [0;1mSELECT count(*) AS count_all FROM releases [0m
  [4;35;1mRelease Load (0.000000)[0m   [0mSELECT * FROM releases LIMIT 0, 10[0m
Rendering layoutfalseactionlist within layouts/releases
Rendering releases/list
Completed in 0.01600 (62 reqs/sec) | Rendering: 0.00000 (0%) | DB: 0.01600 (100%) | 200 OK [http://localhost/Releases]


Processing ProjectsController#index (for 127.0.0.1 at 2006-10-11 21:22:34) [GET]
  Session ID: f6cae78c60fb7a1bee8b73467dcbd696
  Parameters: {"action"=>"index", "controller"=>"projects"}
  [4;36;1mProject Columns (0.000000)[0m   [0;1mSHOW FIELDS FROM projects[0m
  [4;35;1mSQL (0.000000)[0m   [0mSELECT count(*) AS count_all FROM projects [0m
  [4;36;1mProject Load (0.000000)[0m   [0;1mSELECT * FROM projects LIMIT 0, 10[0m
Rendering layoutfalseactionlist within layouts/projects
Rendering projects/list
Completed in 0.01600 (62 reqs/sec) | Rendering: 0.01600 (100%) | DB: 0.00000 (0%) | 200 OK [http://localhost/Projects]


Processing ProjectsController#new (for 127.0.0.1 at 2006-10-11 21:22:36) [GET]
  Session ID: f6cae78c60fb7a1bee8b73467dcbd696
  Parameters: {"action"=>"new", "controller"=>"projects"}
  [4;35;1mProject Columns (0.000000)[0m   [0mSHOW FIELDS FROM projects[0m
Rendering  within layouts/projects
Rendering projects/new
Rendered projects/_form (0.01600)
Completed in 0.03100 (32 reqs/sec) | Rendering: 0.01600 (51%) | DB: 0.00000 (0%) | 200 OK [http://localhost/projects/new]


Processing ProjectsController#create (for 127.0.0.1 at 2006-10-11 21:22:48) [POST]
  Session ID: f6cae78c60fb7a1bee8b73467dcbd696
  Parameters: {"commit"=>"Create", "project"=>{"name"=>"Zoie"}, "action"=>"create", "controller"=>"projects"}
  [4;36;1mProject Columns (0.000000)[0m   [0;1mSHOW FIELDS FROM projects[0m
  [4;35;1mSQL (0.000000)[0m   [0mBEGIN[0m
  [4;36;1mSQL (0.016000)[0m   [0;1mINSERT INTO projects (`name`) VALUES('Zoie')[0m
  [4;35;1mSQL (0.000000)[0m   [0mCOMMIT[0m
Redirected to http://localhost:3000/projects/list
Completed in 0.01600 (62 reqs/sec) | DB: 0.01600 (100%) | 302 Found [http://localhost/projects/create]


Processing ProjectsController#list (for 127.0.0.1 at 2006-10-11 21:22:48) [GET]
  Session ID: f6cae78c60fb7a1bee8b73467dcbd696
  Parameters: {"action"=>"list", "controller"=>"projects"}
  [4;36;1mProject Columns (0.000000)[0m   [0;1mSHOW FIELDS FROM projects[0m
  [4;35;1mSQL (0.000000)[0m   [0mSELECT count(*) AS count_all FROM projects [0m
  [4;36;1mProject Load (0.000000)[0m   [0;1mSELECT * FROM projects LIMIT 0, 10[0m
Rendering  within layouts/projects
Rendering projects/list
Completed in 0.01600 (62 reqs/sec) | Rendering: 0.00000 (0%) | DB: 0.00000 (0%) | 200 OK [http://localhost/projects/list]


Processing ProjectsController#new (for 127.0.0.1 at 2006-10-11 21:22:50) [GET]
  Session ID: f6cae78c60fb7a1bee8b73467dcbd696
  Parameters: {"action"=>"new", "controller"=>"projects"}
  [4;35;1mProject Columns (0.000000)[0m   [0mSHOW FIELDS FROM projects[0m
Rendering  within layouts/projects
Rendering projects/new
Rendered projects/_form (0.00000)
Completed in 0.01600 (62 reqs/sec) | Rendering: 0.01600 (100%) | DB: 0.00000 (0%) | 200 OK [http://localhost/projects/new]


Processing ProjectsController#create (for 127.0.0.1 at 2006-10-11 21:22:55) [POST]
  Session ID: f6cae78c60fb7a1bee8b73467dcbd696
  Parameters: {"commit"=>"Create", "project"=>{"name"=>"Zeus"}, "action"=>"create", "controller"=>"projects"}
  [4;36;1mProject Columns (0.000000)[0m   [0;1mSHOW FIELDS FROM projects[0m
  [4;35;1mSQL (0.000000)[0m   [0mBEGIN[0m
  [4;36;1mSQL (0.000000)[0m   [0;1mINSERT INTO projects (`name`) VALUES('Zeus')[0m
  [4;35;1mSQL (0.000000)[0m   [0mCOMMIT[0m
Redirected to http://localhost:3000/projects/list
Completed in 0.01500 (66 reqs/sec) | DB: 0.00000 (0%) | 302 Found [http://localhost/projects/create]


Processing ProjectsController#list (for 127.0.0.1 at 2006-10-11 21:22:55) [GET]
  Session ID: f6cae78c60fb7a1bee8b73467dcbd696
  Parameters: {"action"=>"list", "controller"=>"projects"}
  [4;36;1mProject Columns (0.000000)[0m   [0;1mSHOW FIELDS FROM projects[0m
  [4;35;1mSQL (0.000000)[0m   [0mSELECT count(*) AS count_all FROM projects [0m
  [4;36;1mProject Load (0.000000)[0m   [0;1mSELECT * FROM projects LIMIT 0, 10[0m
Rendering  within layouts/projects
Rendering projects/list
Completed in 0.01500 (66 reqs/sec) | Rendering: 0.00000 (0%) | DB: 0.00000 (0%) | 200 OK [http://localhost/projects/list]


Processing ProjectsController#show (for 127.0.0.1 at 2006-10-11 21:22:59) [GET]
  Session ID: f6cae78c60fb7a1bee8b73467dcbd696
  Parameters: {"action"=>"show", "id"=>"1", "controller"=>"projects"}
  [4;35;1mProject Load (0.000000)[0m   [0mSELECT * FROM projects WHERE (projects.id = '1') LIMIT 1[0m
Rendering  within layouts/projects
Rendering projects/show
  [4;36;1mProject Columns (0.000000)[0m   [0;1mSHOW FIELDS FROM projects[0m
Completed in 0.01600 (62 reqs/sec) | Rendering: 0.00000 (0%) | DB: 0.00000 (0%) | 200 OK [http://localhost/projects/show/1]


Processing ProjectsController#edit (for 127.0.0.1 at 2006-10-11 21:23:01) [GET]
  Session ID: f6cae78c60fb7a1bee8b73467dcbd696
  Parameters: {"action"=>"edit", "id"=>"1", "controller"=>"projects"}
  [4;35;1mProject Load (0.000000)[0m   [0mSELECT * FROM projects WHERE (projects.id = '1') LIMIT 1[0m
Rendering  within layouts/projects
Rendering projects/edit
  [4;36;1mProject Columns (0.000000)[0m   [0;1mSHOW FIELDS FROM projects[0m
Rendered projects/_form (0.00000)
Completed in 0.03100 (32 reqs/sec) | Rendering: 0.01500 (48%) | DB: 0.00000 (0%) | 200 OK [http://localhost/projects/edit/1]


Processing ProjectsController#list (for 127.0.0.1 at 2006-10-11 21:23:03) [GET]
  Session ID: f6cae78c60fb7a1bee8b73467dcbd696
  Parameters: {"action"=>"list", "controller"=>"projects"}
  [4;35;1mProject Columns (0.000000)[0m   [0mSHOW FIELDS FROM projects[0m
  [4;36;1mSQL (0.000000)[0m   [0;1mSELECT count(*) AS count_all FROM projects [0m
  [4;35;1mProject Load (0.000000)[0m   [0mSELECT * FROM projects LIMIT 0, 10[0m
Rendering  within layouts/projects
Rendering projects/list
Completed in 0.01600 (62 reqs/sec) | Rendering: 0.00000 (0%) | DB: 0.00000 (0%) | 200 OK [http://localhost/projects/list]


Processing ReleasesController#index (for 127.0.0.1 at 2006-10-11 21:23:12) [GET]
  Session ID: f6cae78c60fb7a1bee8b73467dcbd696
  Parameters: {"action"=>"index", "controller"=>"releases"}
  [4;36;1mRelease Columns (0.000000)[0m   [0;1mSHOW FIELDS FROM releases[0m
  [4;35;1mSQL (0.000000)[0m   [0mSELECT count(*) AS count_all FROM releases [0m
  [4;36;1mRelease Load (0.000000)[0m   [0;1mSELECT * FROM releases LIMIT 0, 10[0m
Rendering layoutfalseactionlist within layouts/releases
Rendering releases/list
Completed in 0.01500 (66 reqs/sec) | Rendering: 0.01500 (100%) | DB: 0.00000 (0%) | 200 OK [http://localhost/releases]


Processing ReleasesController#new (for 127.0.0.1 at 2006-10-11 21:23:15) [GET]
  Session ID: f6cae78c60fb7a1bee8b73467dcbd696
  Parameters: {"action"=>"new", "controller"=>"releases"}
  [4;35;1mRelease Columns (0.000000)[0m   [0mSHOW FIELDS FROM releases[0m
Rendering  within layouts/releases
Rendering releases/new
Rendered releases/_form (0.00000)
Completed in 0.01600 (62 reqs/sec) | Rendering: 0.01600 (100%) | DB: 0.00000 (0%) | 200 OK [http://localhost/releases/new]


Processing ReleasesController#create (for 127.0.0.1 at 2006-10-11 21:23:39) [POST]
  Session ID: f6cae78c60fb7a1bee8b73467dcbd696
  Parameters: {"commit"=>"Create", "action"=>"create", "controller"=>"releases", "release"=>{"name"=>"Alpha"}}
  [4;36;1mRelease Columns (0.000000)[0m   [0;1mSHOW FIELDS FROM releases[0m
  [4;35;1mSQL (0.000000)[0m   [0mBEGIN[0m
  [4;36;1mSQL (0.000000)[0m   [0;1mINSERT INTO releases (`name`, `project_id`) VALUES('Alpha', NULL)[0m
  [4;35;1mSQL (0.032000)[0m   [0mCOMMIT[0m
Redirected to http://localhost:3000/releases/list
Completed in 0.14100 (7 reqs/sec) | DB: 0.03200 (22%) | 302 Found [http://localhost/releases/create]


Processing ReleasesController#list (for 127.0.0.1 at 2006-10-11 21:23:39) [GET]
  Session ID: f6cae78c60fb7a1bee8b73467dcbd696
  Parameters: {"action"=>"list", "controller"=>"releases"}
  [4;36;1mRelease Columns (0.000000)[0m   [0;1mSHOW FIELDS FROM releases[0m
  [4;35;1mSQL (0.000000)[0m   [0mSELECT count(*) AS count_all FROM releases [0m
  [4;36;1mRelease Load (0.000000)[0m   [0;1mSELECT * FROM releases LIMIT 0, 10[0m
Rendering  within layouts/releases
Rendering releases/list
Completed in 0.01600 (62 reqs/sec) | Rendering: 0.01600 (100%) | DB: 0.00000 (0%) | 200 OK [http://localhost/releases/list]


Processing ReleasesController#new (for 127.0.0.1 at 2006-10-11 21:23:43) [GET]
  Session ID: f6cae78c60fb7a1bee8b73467dcbd696
  Parameters: {"action"=>"new", "controller"=>"releases"}
  [4;35;1mRelease Columns (0.000000)[0m   [0mSHOW FIELDS FROM releases[0m
Rendering  within layouts/releases
Rendering releases/new
Rendered releases/_form (0.00000)
Completed in 0.01500 (66 reqs/sec) | Rendering: 0.00000 (0%) | DB: 0.00000 (0%) | 200 OK [http://localhost/releases/new]


Processing ReleasesController#create (for 127.0.0.1 at 2006-10-11 21:23:46) [POST]
  Session ID: f6cae78c60fb7a1bee8b73467dcbd696
  Parameters: {"commit"=>"Create", "action"=>"create", "controller"=>"releases", "release"=>{"name"=>"Beta"}}
  [4;36;1mRelease Columns (0.000000)[0m   [0;1mSHOW FIELDS FROM releases[0m
  [4;35;1mSQL (0.000000)[0m   [0mBEGIN[0m
  [4;36;1mSQL (0.000000)[0m   [0;1mINSERT INTO releases (`name`, `project_id`) VALUES('Beta', NULL)[0m
  [4;35;1mSQL (0.000000)[0m   [0mCOMMIT[0m
Redirected to http://localhost:3000/releases/list
Completed in 0.01500 (66 reqs/sec) | DB: 0.00000 (0%) | 302 Found [http://localhost/releases/create]


Processing ReleasesController#list (for 127.0.0.1 at 2006-10-11 21:23:46) [GET]
  Session ID: f6cae78c60fb7a1bee8b73467dcbd696
  Parameters: {"action"=>"list", "controller"=>"releases"}
  [4;36;1mRelease Columns (0.000000)[0m   [0;1mSHOW FIELDS FROM releases[0m
  [4;35;1mSQL (0.000000)[0m   [0mSELECT count(*) AS count_all FROM releases [0m
  [4;36;1mRelease Load (0.016000)[0m   [0;1mSELECT * FROM releases LIMIT 0, 10[0m
Rendering  within layouts/releases
Rendering releases/list
Completed in 0.01600 (62 reqs/sec) | Rendering: 0.00000 (0%) | DB: 0.01600 (100%) | 200 OK [http://localhost/releases/list]
  [4;36;1mUserStory Columns (0.000000)[0m   [0;1mMysql::Error: #42S02Table 'agileplanr_development.user_stories' doesn't exist: SHOW FIELDS FROM user_stories[0m
  [4;36;1mSQL (0.000000)[0m   [0;1mMysql::Error: #42S01Table 'schema_info' already exists: CREATE TABLE schema_info (version int(11))[0m
  [4;35;1mSQL (0.000000)[0m   [0mMysql::Error: #42S01Table 'schema_info' already exists: CREATE TABLE schema_info (version int(11))[0m
  [4;36;1mSQL (0.000000)[0m   [0;1mSELECT version FROM schema_info[0m
  [4;35;1mSQL (0.000000)[0m   [0mSELECT version FROM schema_info[0m
  [4;36;1mSQL (0.000000)[0m   [0;1mSELECT version FROM schema_info[0m
  [4;35;1mSQL (0.000000)[0m   [0mSELECT version FROM schema_info[0m
Migrating to CreateUserStories (4)
  [4;36;1mSQL (0.016000)[0m   [0;1mCREATE TABLE user_stories (`id` int(11) DEFAULT NULL auto_increment PRIMARY KEY) ENGINE=InnoDB[0m
  [4;35;1mSQL (0.000000)[0m   [0mUPDATE schema_info SET version = 4[0m
  [4;36;1mSQL (0.000000)[0m   [0;1mSELECT * FROM schema_info[0m
  [4;35;1mSQL (0.000000)[0m   [0mSHOW TABLES[0m
  [4;36;1mSQL (0.016000)[0m   [0;1mSHOW FIELDS FROM projects[0m
  [4;35;1mSQL (0.000000)[0m   [0mSHOW KEYS FROM projects[0m
  [4;36;1mSQL (0.000000)[0m   [0;1mSHOW FIELDS FROM releases[0m
  [4;35;1mSQL (0.000000)[0m   [0mSHOW KEYS FROM releases[0m
  [4;36;1mSQL (0.000000)[0m   [0;1mSHOW FIELDS FROM user_stories[0m
  [4;35;1mSQL (0.000000)[0m   [0mSHOW KEYS FROM user_stories[0m
  [4;36;1mSQL (0.000000)[0m   [0;1mMysql::Error: #42S01Table 'schema_info' already exists: CREATE TABLE schema_info (version int(11))[0m
  [4;35;1mSQL (0.000000)[0m   [0mMysql::Error: #42S01Table 'schema_info' already exists: CREATE TABLE schema_info (version int(11))[0m
  [4;36;1mSQL (0.000000)[0m   [0;1mSELECT version FROM schema_info[0m
  [4;35;1mSQL (0.000000)[0m   [0mSELECT version FROM schema_info[0m
  [4;36;1mSQL (0.000000)[0m   [0;1mSELECT version FROM schema_info[0m
  [4;35;1mSQL (0.016000)[0m   [0mSELECT version FROM schema_info[0m
  [4;36;1mSQL (0.000000)[0m   [0;1mSELECT * FROM schema_info[0m
  [4;35;1mSQL (0.000000)[0m   [0mSHOW TABLES[0m
  [4;36;1mSQL (0.000000)[0m   [0;1mSHOW FIELDS FROM projects[0m
  [4;35;1mSQL (0.000000)[0m   [0mSHOW KEYS FROM projects[0m
  [4;36;1mSQL (0.016000)[0m   [0;1mSHOW FIELDS FROM releases[0m
  [4;35;1mSQL (0.000000)[0m   [0mSHOW KEYS FROM releases[0m
  [4;36;1mSQL (0.000000)[0m   [0;1mSHOW FIELDS FROM user_stories[0m
  [4;35;1mSQL (0.000000)[0m   [0mSHOW KEYS FROM user_stories[0m
  [4;36;1mUserStory Columns (0.000000)[0m   [0;1mSHOW FIELDS FROM user_stories[0m
